<?xml version="1.0" encoding="UTF-8"?>
<!-- Generated by org.testng.reporters.JUnitXMLReporter -->
<testsuite ignored="0" hostname="DESKTOP-UV8RDD7" failures="0" tests="5" name="Second Test" time="0.064" errors="0" timestamp="2021-04-15T17:26:04 IST">
  <testcase classname="testCases.TestCase2" name="LoginTest" time="0.003"/>
  <testcase classname="testCases.TestCase2" name="LoginTest" time="0.015"/>
  <testcase classname="testCases.TestCase2" name="LoginTest" time="0.006"/>
  <testcase classname="testCases.TestCase2" name="LoginTest" time="0.007"/>
  <testcase classname="testCases.TestCase2" name="LoginTest" time="0.002"/>
</testsuite> <!-- Second Test -->
