<?xml version="1.0" encoding="UTF-8"?>
<testsuite name="TestSuite" time="3.837" tests="5" errors="0" skipped="0" failures="3">
  <properties>
[...]
</properties>
  <testcase name="Login" classname="testCases.Bank_Customer_Login" time="0.174"/>
  <testcase name="addCustomer" classname="testCases.AddCustomerTest" time="2.801">
    <failure type="java.lang.AssertionError:">java.lang.AssertionError: null
	at org.testng.Assert.fail(Assert.java:96)
	at org.testng.Assert.fail(Assert.java:103)
	at testCases.AddCustomerTest.addCustomer(AddCustomerTest.java:29)
</failure>
    <system-out><![CDATA[rowcount is4
column count is3
Element is clicked
Element is clicked
]]></system-out>
  </testcase>
  <testcase name="addCustomer" classname="testCases.AddCustomerTest" time="1.22">
    <failure type="java.lang.AssertionError:">java.lang.AssertionError: null
	at org.testng.Assert.fail(Assert.java:96)
	at org.testng.Assert.fail(Assert.java:103)
	at testCases.AddCustomerTest.addCustomer(AddCustomerTest.java:29)
</failure>
    <system-out><![CDATA[Element is clicked
Element is clicked
]]></system-out>
  </testcase>
  <testcase name="addCustomer" classname="testCases.AddCustomerTest" time="1.26">
    <failure type="java.lang.AssertionError:">java.lang.AssertionError: null
	at org.testng.Assert.fail(Assert.java:96)
	at org.testng.Assert.fail(Assert.java:103)
	at testCases.AddCustomerTest.addCustomer(AddCustomerTest.java:29)
</failure>
    <system-out><![CDATA[Element is clicked
Element is clicked
]]></system-out>
  </testcase>
  <testcase name="OpenAccount" classname="testCases.OpenAccountTest" time="0.862"/>
</testsuite>