<?xml version="1.0" encoding="UTF-8"?>
<testng-results ignored="0" total="5" passed="5" failed="0" skipped="0">
  <reporter-output>
  </reporter-output>
  <suite started-at="2021-04-18T23:33:59 IST" name="Data Driven Test" finished-at="2021-04-18T23:34:03 IST" duration-ms="3923">
    <groups>
    </groups>
    <test started-at="2021-04-18T23:33:59 IST" name="Login Test" finished-at="2021-04-18T23:33:59 IST" duration-ms="142">
      <class name="testCases.Bank_Customer_Login">
        <test-method signature="Login()[pri:0, instance:testCases.Bank_Customer_Login@44040454]" started-at="2021-04-18T23:33:59 IST" name="Login" finished-at="2021-04-18T23:33:59 IST" duration-ms="95" status="PASS">
          <reporter-output>
          </reporter-output>
        </test-method> <!-- Login -->
      </class> <!-- testCases.Bank_Customer_Login -->
    </test> <!-- Login Test -->
    <test started-at="2021-04-18T23:34:00 IST" name="add customer Test" finished-at="2021-04-18T23:34:02 IST" duration-ms="2104">
      <class name="testCases.AddCustomerTest">
        <test-method signature="addCustomer(java.lang.String, java.lang.String, java.lang.String)[pri:0, instance:testCases.AddCustomerTest@3cc41abc]" started-at="2021-04-18T23:34:00 IST" name="addCustomer" data-provider="dp" finished-at="2021-04-18T23:34:01 IST" duration-ms="1059" status="PASS">
          <params>
            <param index="0">
              <value>
                <![CDATA[we]]>
              </value>
            </param>
            <param index="1">
              <value>
                <![CDATA[are]]>
              </value>
            </param>
            <param index="2">
              <value>
                <![CDATA[Apost2]]>
              </value>
            </param>
          </params>
          <reporter-output>
          </reporter-output>
        </test-method> <!-- addCustomer -->
        <test-method signature="addCustomer(java.lang.String, java.lang.String, java.lang.String)[pri:0, instance:testCases.AddCustomerTest@3cc41abc]" started-at="2021-04-18T23:34:01 IST" name="addCustomer" data-provider="dp" finished-at="2021-04-18T23:34:02 IST" duration-ms="522" status="PASS">
          <params>
            <param index="0">
              <value>
                <![CDATA[as]]>
              </value>
            </param>
            <param index="1">
              <value>
                <![CDATA[as]]>
              </value>
            </param>
            <param index="2">
              <value>
                <![CDATA[awed]]>
              </value>
            </param>
          </params>
          <reporter-output>
          </reporter-output>
        </test-method> <!-- addCustomer -->
        <test-method signature="addCustomer(java.lang.String, java.lang.String, java.lang.String)[pri:0, instance:testCases.AddCustomerTest@3cc41abc]" started-at="2021-04-18T23:34:02 IST" name="addCustomer" data-provider="dp" finished-at="2021-04-18T23:34:02 IST" duration-ms="472" status="PASS">
          <params>
            <param index="0">
              <value>
                <![CDATA[as]]>
              </value>
            </param>
            <param index="1">
              <value>
                <![CDATA[as]]>
              </value>
            </param>
            <param index="2">
              <value>
                <![CDATA[sdwe]]>
              </value>
            </param>
          </params>
          <reporter-output>
          </reporter-output>
        </test-method> <!-- addCustomer -->
      </class> <!-- testCases.AddCustomerTest -->
    </test> <!-- add customer Test -->
    <test started-at="2021-04-18T23:34:02 IST" name="Add customer Test" finished-at="2021-04-18T23:34:03 IST" duration-ms="757">
      <class name="testCases.OpenAccountTest">
        <test-method is-config="true" signature="setUp()[pri:0, instance:testCases.OpenAccountTest@4097cac]" started-at="2021-04-18T23:33:52 IST" name="setUp" finished-at="2021-04-18T23:33:59 IST" duration-ms="7125" status="PASS">
          <reporter-output>
          </reporter-output>
        </test-method> <!-- setUp -->
        <test-method signature="OpenAccount(java.lang.String, java.lang.String)[pri:0, instance:testCases.OpenAccountTest@4097cac]" started-at="2021-04-18T23:34:02 IST" name="OpenAccount" data-provider="dp" finished-at="2021-04-18T23:34:03 IST" duration-ms="748" status="PASS">
          <params>
            <param index="0">
              <value>
                <![CDATA[we are]]>
              </value>
            </param>
            <param index="1">
              <value>
                <![CDATA[Rupee]]>
              </value>
            </param>
          </params>
          <reporter-output>
          </reporter-output>
        </test-method> <!-- OpenAccount -->
      </class> <!-- testCases.OpenAccountTest -->
    </test> <!-- Add customer Test -->
  </suite> <!-- Data Driven Test -->
</testng-results>
